[debug] [2025-01-13T13:07:06.299Z] ----------------------------------------------------------------------
[debug] [2025-01-13T13:07:06.302Z] Command:       C:\Program Files\nodejs\node.exe C:\Users\Admin\AppData\Roaming\npm\node_modules\firebase-tools\lib\bin\firebase.js init
[debug] [2025-01-13T13:07:06.303Z] CLI Version:   13.29.1
[debug] [2025-01-13T13:07:06.303Z] Platform:      win32
[debug] [2025-01-13T13:07:06.303Z] Node Version:  v22.4.1
[debug] [2025-01-13T13:07:06.303Z] Time:          Mon Jan 13 2025 15:07:06 GMT+0200 (South Africa Standard Time)
[debug] [2025-01-13T13:07:06.303Z] ----------------------------------------------------------------------
[debug] 
[debug] [2025-01-13T13:07:06.307Z] >>> [apiv2][query] GET https://firebase-public.firebaseio.com/cli.json [none]
[debug] [2025-01-13T13:07:06.362Z] > command requires scopes: ["email","openid","https://www.googleapis.com/auth/cloudplatformprojects.readonly","https://www.googleapis.com/auth/firebase","https://www.googleapis.com/auth/cloud-platform"]
[debug] [2025-01-13T13:07:06.362Z] > authorizing via signed-in user (mutcoop78@gmail.com)
[info] 
     ######## #### ########  ######## ########     ###     ######  ########
     ##        ##  ##     ## ##       ##     ##  ##   ##  ##       ##
     ######    ##  ########  ######   ########  #########  ######  ######
     ##        ##  ##    ##  ##       ##     ## ##     ##       ## ##
     ##       #### ##     ## ######## ########  ##     ##  ######  ########

You're about to initialize a Firebase project in this directory:

  C:\Users\Admin\Videos\SheetSense

[debug] [2025-01-13T13:07:07.300Z] <<< [apiv2][status] GET https://firebase-public.firebaseio.com/cli.json 200
[debug] [2025-01-13T13:07:07.301Z] <<< [apiv2][body] GET https://firebase-public.firebaseio.com/cli.json {"cloudBuildErrorAfter":1594252800000,"cloudBuildWarnAfter":1590019200000,"defaultNode10After":1594252800000,"minVersion":"3.0.5","node8DeploysDisabledAfter":1613390400000,"node8RuntimeDisabledAfter":1615809600000,"node8WarnAfter":1600128000000}
